<!DOCTYPE html>

<html>
  <head>
  <meta charset='utf-8'>
  <title>TestNG reports</title>

    <link type="text/css" href="testng-reports1.css" rel="stylesheet" id="ultra" />
    <link type="text/css" href="testng-reports.css" rel="stylesheet" id="retro" disabled="false"/>
    <script type="text/javascript" src="jquery-3.6.0.min.js"></script>
    <script type="text/javascript" src="testng-reports.js"></script>
    <script type="text/javascript" src="https://www.google.com/jsapi"></script>
    <script type='text/javascript'>
      google.load('visualization', '1', {packages:['table']});
      google.setOnLoadCallback(drawTable);
      var suiteTableInitFunctions = new Array();
      var suiteTableData = new Array();
    </script>
    <!--
      <script type="text/javascript" src="jquery-ui/js/jquery-ui-1.8.16.custom.min.js"></script>
     -->
  </head>

  <body>    <div class="top-banner-root">
      <span class="top-banner-title-font">Test results</span>
      <button id="button" class="button">Switch Retro Theme</button> <!-- button -->
      <br/>
      <span class="top-banner-font-1">1 suite, 5 failed tests</span>
    </div> <!-- top-banner-root -->
    <div class="navigator-root">
      <div class="navigator-suite-header">
        <span>All suites</span>
        <a href="#" title="Collapse/expand all the suites" class="collapse-all-link">
          <img src="collapseall.gif" class="collapse-all-icon">
          </img> <!-- collapse-all-icon -->
        </a> <!-- collapse-all-link -->
      </div> <!-- navigator-suite-header -->
      <div class="suite">
        <div class="rounded-window">
          <div class="suite-header light-rounded-window-top">
            <a href="#" panel-name="suite-Suite" class="navigator-link">
              <span class="suite-name border-failed">Suite</span>
            </a> <!-- navigator-link -->
          </div> <!-- suite-header light-rounded-window-top -->
          <div class="navigator-suite-content">
            <div class="suite-section-title">
              <span>Info</span>
            </div> <!-- suite-section-title -->
            <div class="suite-section-content">
              <ul>
                <li>
                  <a href="#" panel-name="test-xml-Suite" class="navigator-link ">
                    <span>C:\Users\pkana\eclipse-workspace\TestNgTest\testng.xml</span>
                  </a> <!-- navigator-link  -->
                </li>
                <li>
                  <a href="#" panel-name="testlist-Suite" class="navigator-link ">
                    <span class="test-stats">4 tests</span>
                  </a> <!-- navigator-link  -->
                </li>
                <li>
                  <a href="#" panel-name="group-Suite" class="navigator-link ">
                    <span>0 groups</span>
                  </a> <!-- navigator-link  -->
                </li>
                <li>
                  <a href="#" panel-name="times-Suite" class="navigator-link ">
                    <span>Times</span>
                  </a> <!-- navigator-link  -->
                </li>
                <li>
                  <a href="#" panel-name="reporter-Suite" class="navigator-link ">
                    <span>Reporter output</span>
                  </a> <!-- navigator-link  -->
                </li>
                <li>
                  <a href="#" panel-name="ignored-methods-Suite" class="navigator-link ">
                    <span>Ignored methods</span>
                  </a> <!-- navigator-link  -->
                </li>
                <li>
                  <a href="#" panel-name="chronological-Suite" class="navigator-link ">
                    <span>Chronological view</span>
                  </a> <!-- navigator-link  -->
                </li>
              </ul>
            </div> <!-- suite-section-content -->
            <div class="result-section">
              <div class="suite-section-title">
                <span>Results</span>
              </div> <!-- suite-section-title -->
              <div class="suite-section-content">
                <ul>
                  <li>
                    <span class="method-stats">12 methods, 5 failed,   7 passed</span>
                  </li>
                  <li>
                    <span class="method-list-title failed">Failed methods</span>
                    <span class="show-or-hide-methods failed">
                      <a href="#" panel-name="suite-Suite" class="hide-methods failed suite-Suite"> (hide)</a> <!-- hide-methods failed suite-Suite -->
                      <a href="#" panel-name="suite-Suite" class="show-methods failed suite-Suite"> (show)</a> <!-- show-methods failed suite-Suite -->
                    </span>
                    <div class="method-list-content failed suite-Suite">
                      <span>
                        <img src="failed.png" width="3%"/>
                        <a href="#" panel-name="suite-Suite" title="com.lambdatest.LambdaTestNGTest" class="method navigator-link" hash-for-method="validateAlert">validateAlert</a> <!-- method navigator-link -->
                      </span>
                      <br/>
                      <span>
                        <img src="failed.png" width="3%"/>
                        <a href="#" panel-name="suite-Suite" title="com.lambdatest.LambdaTestNGTest" class="method navigator-link" hash-for-method="verifyPageTitle">verifyPageTitle</a> <!-- method navigator-link -->
                      </span>
                      <br/>
                      <span>
                        <img src="failed.png" width="3%"/>
                        <a href="#" panel-name="suite-Suite" title="com.lambdatest.LambdaTestNGTest" class="method navigator-link" hash-for-method="verifyPageTitle">verifyPageTitle</a> <!-- method navigator-link -->
                      </span>
                      <br/>
                      <span>
                        <img src="failed.png" width="3%"/>
                        <a href="#" panel-name="suite-Suite" title="com.lambdatest.LambdaTestNGTest" class="method navigator-link" hash-for-method="verifyPageTitle">verifyPageTitle</a> <!-- method navigator-link -->
                      </span>
                      <br/>
                      <span>
                        <img src="failed.png" width="3%"/>
                        <a href="#" panel-name="suite-Suite" title="com.lambdatest.LambdaTestNGTest" class="method navigator-link" hash-for-method="verifyPageTitle">verifyPageTitle</a> <!-- method navigator-link -->
                      </span>
                      <br/>
                    </div> <!-- method-list-content failed suite-Suite -->
                  </li>
                  <li>
                    <span class="method-list-title passed">Passed methods</span>
                    <span class="show-or-hide-methods passed">
                      <a href="#" panel-name="suite-Suite" class="hide-methods passed suite-Suite"> (hide)</a> <!-- hide-methods passed suite-Suite -->
                      <a href="#" panel-name="suite-Suite" class="show-methods passed suite-Suite"> (show)</a> <!-- show-methods passed suite-Suite -->
                    </span>
                    <div class="method-list-content passed suite-Suite">
                      <span>
                        <img src="passed.png" width="3%"/>
                        <a href="#" panel-name="suite-Suite" title="com.lambdatest.LambdaTestNGTest" class="method navigator-link" hash-for-method="validateAlert">validateAlert</a> <!-- method navigator-link -->
                      </span>
                      <br/>
                      <span>
                        <img src="passed.png" width="3%"/>
                        <a href="#" panel-name="suite-Suite" title="com.lambdatest.LambdaTestNGTest" class="method navigator-link" hash-for-method="validateAlert">validateAlert</a> <!-- method navigator-link -->
                      </span>
                      <br/>
                      <span>
                        <img src="passed.png" width="3%"/>
                        <a href="#" panel-name="suite-Suite" title="com.lambdatest.LambdaTestNGTest" class="method navigator-link" hash-for-method="validateAlert">validateAlert</a> <!-- method navigator-link -->
                      </span>
                      <br/>
                      <span>
                        <img src="passed.png" width="3%"/>
                        <a href="#" panel-name="suite-Suite" title="com.lambdatest.LambdaTestNGTest" class="method navigator-link" hash-for-method="validateCheckbox">validateCheckbox</a> <!-- method navigator-link -->
                      </span>
                      <br/>
                      <span>
                        <img src="passed.png" width="3%"/>
                        <a href="#" panel-name="suite-Suite" title="com.lambdatest.LambdaTestNGTest" class="method navigator-link" hash-for-method="validateCheckbox">validateCheckbox</a> <!-- method navigator-link -->
                      </span>
                      <br/>
                      <span>
                        <img src="passed.png" width="3%"/>
                        <a href="#" panel-name="suite-Suite" title="com.lambdatest.LambdaTestNGTest" class="method navigator-link" hash-for-method="validateCheckbox">validateCheckbox</a> <!-- method navigator-link -->
                      </span>
                      <br/>
                      <span>
                        <img src="passed.png" width="3%"/>
                        <a href="#" panel-name="suite-Suite" title="com.lambdatest.LambdaTestNGTest" class="method navigator-link" hash-for-method="validateCheckbox">validateCheckbox</a> <!-- method navigator-link -->
                      </span>
                      <br/>
                    </div> <!-- method-list-content passed suite-Suite -->
                  </li>
                </ul>
              </div> <!-- suite-section-content -->
            </div> <!-- result-section -->
          </div> <!-- navigator-suite-content -->
        </div> <!-- rounded-window -->
      </div> <!-- suite -->
    </div> <!-- navigator-root -->
    <div class="wrapper">
      <div class="main-panel-root">
        <div panel-name="suite-Suite" class="panel Suite">
          <div class="suite-Suite-class-failed">
            <div class="main-panel-header rounded-window-top">
              <img src="failed.png"/>
              <span class="class-name">com.lambdatest.LambdaTestNGTest</span>
            </div> <!-- main-panel-header rounded-window-top -->
            <div class="main-panel-content rounded-window-bottom">
              <div class="method">
                <div class="method-content">
                  <a name="validateAlert">
                  </a> <!-- validateAlert -->
                  <span class="method-name">validateAlert</span>
                  <div class="stack-trace">org.openqa.selenium.TimeoutException: Expected condition failed: waiting for alert to be present (tried for 10 second(s) with 500 milliseconds interval)
Build info: version: &apos;4.35.0&apos;, revision: &apos;1c58e5028b&apos;
System info: os.name: &apos;Windows 11&apos;, os.arch: &apos;amd64&apos;, os.version: &apos;10.0&apos;, java.version: &apos;22.0.2&apos;
Driver info: org.openqa.selenium.remote.RemoteWebDriver
Capabilities {acceptInsecureCerts: false, browserName: internet explorer, browserVersion: 11, pageLoadStrategy: normal, platformName: windows, proxy: Proxy(), se:ieOptions: {browserAttachTimeout: 0, elementScrollBehavior: 0, enablePersistentHover: true, ie.browserCommandLineSwitches: , ie.ensureCleanSession: false, ie.fileUploadDialogTimeout: 3000, ie.forceCreateProcessApi: false, ignoreProtectedModeSettings: false, ignoreZoomSetting: false, initialBrowserUrl: http://localhost:41000/, nativeEvents: true, requireWindowFocus: false}, setWindowRect: true, timeouts: {implicit: 0, pageLoad: 300000, script: 30000}, webdriver.remote.sessionid: b3502bdc-12c5-4a92-8c41-91b...}
Session ID: b3502bdc-12c5-4a92-8c41-91b21686d7be
	at org.openqa.selenium.support.ui.WebDriverWait.timeoutException(WebDriverWait.java:84)
	at org.openqa.selenium.support.ui.FluentWait.until(FluentWait.java:228)
	at com.lambdatest.LambdaTestNGTest.validateAlert(LambdaTestNGTest.java:124)
	at java.base/java.util.concurrent.Executors$RunnableAdapter.call(Executors.java:572)
	at java.base/java.util.concurrent.FutureTask.run(FutureTask.java:317)
	at java.base/java.util.concurrent.ThreadPoolExecutor.runWorker(ThreadPoolExecutor.java:1144)
	at java.base/java.util.concurrent.ThreadPoolExecutor$Worker.run(ThreadPoolExecutor.java:642)
	at java.base/java.lang.Thread.run(Thread.java:1570)
... Removed 16 stack frames
</div> <!-- stack-trace -->
                </div> <!-- method-content -->
              </div> <!-- method -->
              <div class="method">
                <div class="method-content">
                  <a name="verifyPageTitle">
                  </a> <!-- verifyPageTitle -->
                  <span class="method-name">verifyPageTitle</span>
                  <div class="stack-trace">java.lang.AssertionError: The following asserts failed:
	expected [LambdaTest] but found [Selenium Grid Online | Run Selenium Test On Cloud]
	at com.lambdatest.LambdaTestNGTest.verifyPageTitle(LambdaTestNGTest.java:92)
	at java.base/java.util.concurrent.Executors$RunnableAdapter.call(Executors.java:572)
	at java.base/java.util.concurrent.FutureTask.run(FutureTask.java:317)
	at java.base/java.util.concurrent.ThreadPoolExecutor.runWorker(ThreadPoolExecutor.java:1144)
	at java.base/java.util.concurrent.ThreadPoolExecutor$Worker.run(ThreadPoolExecutor.java:642)
	at java.base/java.lang.Thread.run(Thread.java:1570)
... Removed 18 stack frames
</div> <!-- stack-trace -->
                </div> <!-- method-content -->
              </div> <!-- method -->
              <div class="method">
                <div class="method-content">
                  <a name="verifyPageTitle">
                  </a> <!-- verifyPageTitle -->
                  <span class="method-name">verifyPageTitle</span>
                  <div class="stack-trace">java.lang.AssertionError: The following asserts failed:
	expected [LambdaTest] but found [Selenium Grid Online | Run Selenium Test On Cloud]
	at com.lambdatest.LambdaTestNGTest.verifyPageTitle(LambdaTestNGTest.java:92)
	at java.base/java.util.concurrent.Executors$RunnableAdapter.call(Executors.java:572)
	at java.base/java.util.concurrent.FutureTask.run(FutureTask.java:317)
	at java.base/java.util.concurrent.ThreadPoolExecutor.runWorker(ThreadPoolExecutor.java:1144)
	at java.base/java.util.concurrent.ThreadPoolExecutor$Worker.run(ThreadPoolExecutor.java:642)
	at java.base/java.lang.Thread.run(Thread.java:1570)
... Removed 18 stack frames
</div> <!-- stack-trace -->
                </div> <!-- method-content -->
              </div> <!-- method -->
              <div class="method">
                <div class="method-content">
                  <a name="verifyPageTitle">
                  </a> <!-- verifyPageTitle -->
                  <span class="method-name">verifyPageTitle</span>
                  <div class="stack-trace">java.lang.AssertionError: The following asserts failed:
	expected [LambdaTest] but found [Selenium Grid Online | Run Selenium Test On Cloud]
	at com.lambdatest.LambdaTestNGTest.verifyPageTitle(LambdaTestNGTest.java:92)
	at java.base/java.util.concurrent.Executors$RunnableAdapter.call(Executors.java:572)
	at java.base/java.util.concurrent.FutureTask.run(FutureTask.java:317)
	at java.base/java.util.concurrent.ThreadPoolExecutor.runWorker(ThreadPoolExecutor.java:1144)
	at java.base/java.util.concurrent.ThreadPoolExecutor$Worker.run(ThreadPoolExecutor.java:642)
	at java.base/java.lang.Thread.run(Thread.java:1570)
... Removed 18 stack frames
</div> <!-- stack-trace -->
                </div> <!-- method-content -->
              </div> <!-- method -->
              <div class="method">
                <div class="method-content">
                  <a name="verifyPageTitle">
                  </a> <!-- verifyPageTitle -->
                  <span class="method-name">verifyPageTitle</span>
                  <div class="stack-trace">java.lang.AssertionError: The following asserts failed:
	expected [LambdaTest] but found [Selenium Grid Online | Run Selenium Test On Cloud]
	at com.lambdatest.LambdaTestNGTest.verifyPageTitle(LambdaTestNGTest.java:92)
	at java.base/java.util.concurrent.Executors$RunnableAdapter.call(Executors.java:572)
	at java.base/java.util.concurrent.FutureTask.run(FutureTask.java:317)
	at java.base/java.util.concurrent.ThreadPoolExecutor.runWorker(ThreadPoolExecutor.java:1144)
	at java.base/java.util.concurrent.ThreadPoolExecutor$Worker.run(ThreadPoolExecutor.java:642)
	at java.base/java.lang.Thread.run(Thread.java:1570)
... Removed 18 stack frames
</div> <!-- stack-trace -->
                </div> <!-- method-content -->
              </div> <!-- method -->
            </div> <!-- main-panel-content rounded-window-bottom -->
          </div> <!-- suite-Suite-class-failed -->
          <div class="suite-Suite-class-passed">
            <div class="main-panel-header rounded-window-top">
              <img src="passed.png"/>
              <span class="class-name">com.lambdatest.LambdaTestNGTest</span>
            </div> <!-- main-panel-header rounded-window-top -->
            <div class="main-panel-content rounded-window-bottom">
              <div class="method">
                <div class="method-content">
                  <a name="validateAlert">
                  </a> <!-- validateAlert -->
                  <span class="method-name">validateAlert</span>
                </div> <!-- method-content -->
              </div> <!-- method -->
              <div class="method">
                <div class="method-content">
                  <a name="validateAlert">
                  </a> <!-- validateAlert -->
                  <span class="method-name">validateAlert</span>
                </div> <!-- method-content -->
              </div> <!-- method -->
              <div class="method">
                <div class="method-content">
                  <a name="validateAlert">
                  </a> <!-- validateAlert -->
                  <span class="method-name">validateAlert</span>
                </div> <!-- method-content -->
              </div> <!-- method -->
              <div class="method">
                <div class="method-content">
                  <a name="validateCheckbox">
                  </a> <!-- validateCheckbox -->
                  <span class="method-name">validateCheckbox</span>
                </div> <!-- method-content -->
              </div> <!-- method -->
              <div class="method">
                <div class="method-content">
                  <a name="validateCheckbox">
                  </a> <!-- validateCheckbox -->
                  <span class="method-name">validateCheckbox</span>
                </div> <!-- method-content -->
              </div> <!-- method -->
              <div class="method">
                <div class="method-content">
                  <a name="validateCheckbox">
                  </a> <!-- validateCheckbox -->
                  <span class="method-name">validateCheckbox</span>
                </div> <!-- method-content -->
              </div> <!-- method -->
              <div class="method">
                <div class="method-content">
                  <a name="validateCheckbox">
                  </a> <!-- validateCheckbox -->
                  <span class="method-name">validateCheckbox</span>
                </div> <!-- method-content -->
              </div> <!-- method -->
            </div> <!-- main-panel-content rounded-window-bottom -->
          </div> <!-- suite-Suite-class-passed -->
        </div> <!-- panel Suite -->
        <div panel-name="test-xml-Suite" class="panel">
          <div class="main-panel-header rounded-window-top">
            <span class="header-content">C:\Users\pkana\eclipse-workspace\TestNgTest\testng.xml</span>
          </div> <!-- main-panel-header rounded-window-top -->
          <div class="main-panel-content rounded-window-bottom">
            <pre>
&lt;?xml version=&quot;1.0&quot; encoding=&quot;UTF-8&quot;?&gt;
&lt;!DOCTYPE suite SYSTEM &quot;https://testng.org/testng-1.0.dtd&quot;&gt;
&lt;suite parallel=&quot;classes&quot; name=&quot;Suite&quot; guice-stage=&quot;DEVELOPMENT&quot;&gt;
  &lt;test thread-count=&quot;5&quot; parallel=&quot;classes&quot; name=&quot;Chrome Test&quot;&gt;
    &lt;parameter name=&quot;Browser Name&quot; value=&quot;Chrome&quot;/&gt;
    &lt;parameter name=&quot;Browser Version&quot; value=&quot;128.0&quot;/&gt;
    &lt;parameter name=&quot;URL&quot; value=&quot;https://www.lambdatest.com/selenium-playground/&quot;/&gt;
    &lt;parameter name=&quot;Platform Name&quot; value=&quot;Windows 10&quot;/&gt;
    &lt;classes&gt;
      &lt;class name=&quot;com.lambdatest.LambdaTestNGTest&quot;/&gt;
    &lt;/classes&gt;
  &lt;/test&gt; &lt;!-- Chrome Test --&gt;
  &lt;test thread-count=&quot;5&quot; parallel=&quot;classes&quot; name=&quot;Firefox Test&quot;&gt;
    &lt;parameter name=&quot;Browser Name&quot; value=&quot;Firefox&quot;/&gt;
    &lt;parameter name=&quot;Browser Version&quot; value=&quot;130.0&quot;/&gt;
    &lt;parameter name=&quot;URL&quot; value=&quot;https://www.lambdatest.com/selenium-playground/&quot;/&gt;
    &lt;parameter name=&quot;Platform Name&quot; value=&quot;Windows 11&quot;/&gt;
    &lt;classes&gt;
      &lt;class name=&quot;com.lambdatest.LambdaTestNGTest&quot;/&gt;
    &lt;/classes&gt;
  &lt;/test&gt; &lt;!-- Firefox Test --&gt;
  &lt;test thread-count=&quot;5&quot; parallel=&quot;classes&quot; name=&quot;Microsoft Edge Test&quot;&gt;
    &lt;parameter name=&quot;Browser Name&quot; value=&quot;Microsoft Edge&quot;/&gt;
    &lt;parameter name=&quot;Browser Version&quot; value=&quot;127.0&quot;/&gt;
    &lt;parameter name=&quot;URL&quot; value=&quot;https://www.lambdatest.com/selenium-playground/&quot;/&gt;
    &lt;parameter name=&quot;Platform Name&quot; value=&quot;macOS Ventura&quot;/&gt;
    &lt;classes&gt;
      &lt;class name=&quot;com.lambdatest.LambdaTestNGTest&quot;/&gt;
    &lt;/classes&gt;
  &lt;/test&gt; &lt;!-- Microsoft Edge Test --&gt;
  &lt;test thread-count=&quot;5&quot; parallel=&quot;classes&quot; name=&quot;Internet Explorer Test&quot;&gt;
    &lt;parameter name=&quot;Browser Name&quot; value=&quot;Internet Explorer&quot;/&gt;
    &lt;parameter name=&quot;Browser Version&quot; value=&quot;11.0&quot;/&gt;
    &lt;parameter name=&quot;URL&quot; value=&quot;https://www.lambdatest.com/selenium-playground/&quot;/&gt;
    &lt;parameter name=&quot;Platform Name&quot; value=&quot;Windows 10&quot;/&gt;
    &lt;classes&gt;
      &lt;class name=&quot;com.lambdatest.LambdaTestNGTest&quot;/&gt;
    &lt;/classes&gt;
  &lt;/test&gt; &lt;!-- Internet Explorer Test --&gt;
&lt;/suite&gt; &lt;!-- Suite --&gt;
            </pre>
          </div> <!-- main-panel-content rounded-window-bottom -->
        </div> <!-- panel -->
        <div panel-name="testlist-Suite" class="panel">
          <div class="main-panel-header rounded-window-top">
            <span class="header-content">Tests for Suite</span>
          </div> <!-- main-panel-header rounded-window-top -->
          <div class="main-panel-content rounded-window-bottom">
            <ul>
              <li>
                <span class="test-name">Chrome Test (1 class)</span>
              </li>
              <li>
                <span class="test-name">Firefox Test (1 class)</span>
              </li>
              <li>
                <span class="test-name">Microsoft Edge Test (1 class)</span>
              </li>
              <li>
                <span class="test-name">Internet Explorer Test (1 class)</span>
              </li>
            </ul>
          </div> <!-- main-panel-content rounded-window-bottom -->
        </div> <!-- panel -->
        <div panel-name="group-Suite" class="panel">
          <div class="main-panel-header rounded-window-top">
            <span class="header-content">Groups for Suite</span>
          </div> <!-- main-panel-header rounded-window-top -->
          <div class="main-panel-content rounded-window-bottom">
          </div> <!-- main-panel-content rounded-window-bottom -->
        </div> <!-- panel -->
        <div panel-name="times-Suite" class="panel">
          <div class="main-panel-header rounded-window-top">
            <span class="header-content">Times for Suite</span>
          </div> <!-- main-panel-header rounded-window-top -->
          <div class="main-panel-content rounded-window-bottom">
            <div class="times-div">
              <script type="text/javascript">
suiteTableInitFunctions.push('tableData_Suite');
function tableData_Suite() {
var data = new google.visualization.DataTable();
data.addColumn('number', 'Number');
data.addColumn('string', 'Method');
data.addColumn('string', 'Class');
data.addColumn('number', 'Time (ms)');
data.addRows(12);
data.setCell(0, 0, 0)
data.setCell(0, 1, 'validateAlert')
data.setCell(0, 2, 'com.lambdatest.LambdaTestNGTest')
data.setCell(0, 3, 13153);
data.setCell(1, 0, 1)
data.setCell(1, 1, 'validateAlert')
data.setCell(1, 2, 'com.lambdatest.LambdaTestNGTest')
data.setCell(1, 3, 4951);
data.setCell(2, 0, 2)
data.setCell(2, 1, 'validateCheckbox')
data.setCell(2, 2, 'com.lambdatest.LambdaTestNGTest')
data.setCell(2, 3, 4888);
data.setCell(3, 0, 3)
data.setCell(3, 1, 'validateCheckbox')
data.setCell(3, 2, 'com.lambdatest.LambdaTestNGTest')
data.setCell(3, 3, 2738);
data.setCell(4, 0, 4)
data.setCell(4, 1, 'validateAlert')
data.setCell(4, 2, 'com.lambdatest.LambdaTestNGTest')
data.setCell(4, 3, 2261);
data.setCell(5, 0, 5)
data.setCell(5, 1, 'validateCheckbox')
data.setCell(5, 2, 'com.lambdatest.LambdaTestNGTest')
data.setCell(5, 3, 2172);
data.setCell(6, 0, 6)
data.setCell(6, 1, 'validateAlert')
data.setCell(6, 2, 'com.lambdatest.LambdaTestNGTest')
data.setCell(6, 3, 2089);
data.setCell(7, 0, 7)
data.setCell(7, 1, 'validateCheckbox')
data.setCell(7, 2, 'com.lambdatest.LambdaTestNGTest')
data.setCell(7, 3, 1612);
data.setCell(8, 0, 8)
data.setCell(8, 1, 'verifyPageTitle')
data.setCell(8, 2, 'com.lambdatest.LambdaTestNGTest')
data.setCell(8, 3, 377);
data.setCell(9, 0, 9)
data.setCell(9, 1, 'verifyPageTitle')
data.setCell(9, 2, 'com.lambdatest.LambdaTestNGTest')
data.setCell(9, 3, 364);
data.setCell(10, 0, 10)
data.setCell(10, 1, 'verifyPageTitle')
data.setCell(10, 2, 'com.lambdatest.LambdaTestNGTest')
data.setCell(10, 3, 353);
data.setCell(11, 0, 11)
data.setCell(11, 1, 'verifyPageTitle')
data.setCell(11, 2, 'com.lambdatest.LambdaTestNGTest')
data.setCell(11, 3, 330);
window.suiteTableData['Suite']= { tableData: data, tableDiv: 'times-div-Suite'}
return data;
}
              </script>
              <span class="suite-total-time">Total running time: 35 seconds</span>
              <div id="times-div-Suite">
              </div> <!-- times-div-Suite -->
            </div> <!-- times-div -->
          </div> <!-- main-panel-content rounded-window-bottom -->
        </div> <!-- panel -->
        <div panel-name="reporter-Suite" class="panel">
          <div class="main-panel-header rounded-window-top">
            <span class="header-content">Reporter output for Suite</span>
          </div> <!-- main-panel-header rounded-window-top -->
          <div class="main-panel-content rounded-window-bottom">
            <div class="reporter-method-div">
              <span class="reporter-method-name">verifyPageTitle</span>
              <div class="reporter-method-output-div">
                <span class="reporter-method-output">Page Title:Selenium Grid Online | Run Selenium Test On Cloud</span>
              </div> <!-- reporter-method-output-div -->
            </div> <!-- reporter-method-div -->
            <div class="reporter-method-div">
              <span class="reporter-method-name">verifyPageTitle</span>
              <div class="reporter-method-output-div">
                <span class="reporter-method-output">Page Title:Selenium Grid Online | Run Selenium Test On Cloud</span>
              </div> <!-- reporter-method-output-div -->
            </div> <!-- reporter-method-div -->
            <div class="reporter-method-div">
              <span class="reporter-method-name">verifyPageTitle</span>
              <div class="reporter-method-output-div">
                <span class="reporter-method-output">Page Title:Selenium Grid Online | Run Selenium Test On Cloud</span>
              </div> <!-- reporter-method-output-div -->
            </div> <!-- reporter-method-div -->
            <div class="reporter-method-div">
              <span class="reporter-method-name">verifyPageTitle</span>
              <div class="reporter-method-output-div">
                <span class="reporter-method-output">Page Title:Selenium Grid Online | Run Selenium Test On Cloud</span>
              </div> <!-- reporter-method-output-div -->
            </div> <!-- reporter-method-div -->
          </div> <!-- main-panel-content rounded-window-bottom -->
        </div> <!-- panel -->
        <div panel-name="ignored-methods-Suite" class="panel">
          <div class="main-panel-header rounded-window-top">
            <span class="header-content">0 ignored methods</span>
          </div> <!-- main-panel-header rounded-window-top -->
          <div class="main-panel-content rounded-window-bottom">
          </div> <!-- main-panel-content rounded-window-bottom -->
        </div> <!-- panel -->
        <div panel-name="chronological-Suite" class="panel">
          <div class="main-panel-header rounded-window-top">
            <span class="header-content">Methods in chronological order</span>
          </div> <!-- main-panel-header rounded-window-top -->
          <div class="main-panel-content rounded-window-bottom">
            <div class="chronological-class">
              <div class="chronological-class-name">com.lambdatest.LambdaTestNGTest</div> <!-- chronological-class-name -->
              <div class="configuration-class before">
                <span class="method-name">setUp(Chrome, https://www.lambdatest.com/selenium-playground/, 128.0, Windows 10)</span>
                <span class="method-start">0 ms</span>
              </div> <!-- configuration-class before -->
              <div class="configuration-method before">
                <span class="method-name">launchPage(https://www.lambdatest.com/selenium-playground/)</span>
                <span class="method-start">16505 ms</span>
              </div> <!-- configuration-method before -->
              <div class="test-method">
                <img src="failed.png">
                </img>
                <span class="method-name">verifyPageTitle</span>
                <span class="method-start">18822 ms</span>
              </div> <!-- test-method -->
              <div class="configuration-method before">
                <span class="method-name">launchPage(https://www.lambdatest.com/selenium-playground/)</span>
                <span class="method-start">19162 ms</span>
              </div> <!-- configuration-method before -->
              <div class="test-method">
                <span class="method-name">validateCheckbox</span>
                <span class="method-start">19499 ms</span>
              </div> <!-- test-method -->
              <div class="configuration-method before">
                <span class="method-name">launchPage(https://www.lambdatest.com/selenium-playground/)</span>
                <span class="method-start">21674 ms</span>
              </div> <!-- configuration-method before -->
              <div class="test-method">
                <span class="method-name">validateAlert</span>
                <span class="method-start">21976 ms</span>
              </div> <!-- test-method -->
              <div class="configuration-class after">
                <span class="method-name">teardown</span>
                <span class="method-start">24240 ms</span>
              </div> <!-- configuration-class after -->
              <div class="configuration-class before">
                <span class="method-name">setUp(Firefox, https://www.lambdatest.com/selenium-playground/, 130.0, Windows 11)</span>
                <span class="method-start">24463 ms</span>
              </div> <!-- configuration-class before -->
              <div class="configuration-method before">
                <span class="method-name">launchPage(https://www.lambdatest.com/selenium-playground/)</span>
                <span class="method-start">37839 ms</span>
              </div> <!-- configuration-method before -->
              <div class="test-method">
                <img src="failed.png">
                </img>
                <span class="method-name">verifyPageTitle</span>
                <span class="method-start">44547 ms</span>
              </div> <!-- test-method -->
              <div class="configuration-method before">
                <span class="method-name">launchPage(https://www.lambdatest.com/selenium-playground/)</span>
                <span class="method-start">44914 ms</span>
              </div> <!-- configuration-method before -->
              <div class="test-method">
                <span class="method-name">validateCheckbox</span>
                <span class="method-start">45864 ms</span>
              </div> <!-- test-method -->
              <div class="configuration-method before">
                <span class="method-name">launchPage(https://www.lambdatest.com/selenium-playground/)</span>
                <span class="method-start">50754 ms</span>
              </div> <!-- configuration-method before -->
              <div class="test-method">
                <span class="method-name">validateAlert</span>
                <span class="method-start">52065 ms</span>
              </div> <!-- test-method -->
              <div class="configuration-class after">
                <span class="method-name">teardown</span>
                <span class="method-start">57019 ms</span>
              </div> <!-- configuration-class after -->
              <div class="configuration-class before">
                <span class="method-name">setUp(Microsoft Edge, https://www.lambdatest.com/selenium-playground/, 127.0, macOS Ventura)</span>
                <span class="method-start">58530 ms</span>
              </div> <!-- configuration-class before -->
              <div class="configuration-method before">
                <span class="method-name">launchPage(https://www.lambdatest.com/selenium-playground/)</span>
                <span class="method-start">67123 ms</span>
              </div> <!-- configuration-method before -->
              <div class="test-method">
                <img src="failed.png">
                </img>
                <span class="method-name">verifyPageTitle</span>
                <span class="method-start">68322 ms</span>
              </div> <!-- test-method -->
              <div class="configuration-method before">
                <span class="method-name">launchPage(https://www.lambdatest.com/selenium-playground/)</span>
                <span class="method-start">68680 ms</span>
              </div> <!-- configuration-method before -->
              <div class="test-method">
                <span class="method-name">validateCheckbox</span>
                <span class="method-start">68993 ms</span>
              </div> <!-- test-method -->
              <div class="configuration-method before">
                <span class="method-name">launchPage(https://www.lambdatest.com/selenium-playground/)</span>
                <span class="method-start">70608 ms</span>
              </div> <!-- configuration-method before -->
              <div class="test-method">
                <span class="method-name">validateAlert</span>
                <span class="method-start">70967 ms</span>
              </div> <!-- test-method -->
              <div class="configuration-class after">
                <span class="method-name">teardown</span>
                <span class="method-start">73057 ms</span>
              </div> <!-- configuration-class after -->
              <div class="configuration-class before">
                <span class="method-name">setUp(Internet Explorer, https://www.lambdatest.com/selenium-playground/, 11.0, Windows 10)</span>
                <span class="method-start">73324 ms</span>
              </div> <!-- configuration-class before -->
              <div class="configuration-method before">
                <span class="method-name">launchPage(https://www.lambdatest.com/selenium-playground/)</span>
                <span class="method-start">84943 ms</span>
              </div> <!-- configuration-method before -->
              <div class="test-method">
                <img src="failed.png">
                </img>
                <span class="method-name">verifyPageTitle</span>
                <span class="method-start">86987 ms</span>
              </div> <!-- test-method -->
              <div class="configuration-method before">
                <span class="method-name">launchPage(https://www.lambdatest.com/selenium-playground/)</span>
                <span class="method-start">87369 ms</span>
              </div> <!-- configuration-method before -->
              <div class="test-method">
                <span class="method-name">validateCheckbox</span>
                <span class="method-start">88151 ms</span>
              </div> <!-- test-method -->
              <div class="configuration-method before">
                <span class="method-name">launchPage(https://www.lambdatest.com/selenium-playground/)</span>
                <span class="method-start">90894 ms</span>
              </div> <!-- configuration-method before -->
              <div class="test-method">
                <img src="failed.png">
                </img>
                <span class="method-name">validateAlert</span>
                <span class="method-start">91697 ms</span>
              </div> <!-- test-method -->
              <div class="configuration-class after">
                <span class="method-name">teardown</span>
                <span class="method-start">104853 ms</span>
              </div> <!-- configuration-class after -->
          </div> <!-- main-panel-content rounded-window-bottom -->
        </div> <!-- panel -->
      </div> <!-- main-panel-root -->
    </div> <!-- wrapper -->
  </body>
<script type="text/javascript" src="testng-reports2.js"></script>
</html>
