<?xml version="1.0" encoding="UTF-8"?>
<!-- Generated by org.testng.reporters.JUnitXMLReporter -->
<testsuite ignored="0" hostname="kanakadurga" failures="1" tests="1" name="Internet Explorer Test" time="13.149" errors="0" timestamp="2025-10-16T10:51:09 CDT">
  <testcase classname="com.lambda.JavaSelenium" name="testSliders" time="1.938">
    <failure type="java.lang.AssertionError" message="expected [95] but found [15]">
      <![CDATA[java.lang.AssertionError: expected [95] but found [15]
at com.lambda.JavaSelenium.testSliders(JavaSelenium.java:124)
at java.base/java.util.concurrent.ThreadPoolExecutor.runWorker(ThreadPoolExecutor.java:1144)
at java.base/java.util.concurrent.ThreadPoolExecutor$Worker.run(ThreadPoolExecutor.java:642)
at java.base/java.lang.Thread.run(Thread.java:1570)
... Removed 15 stack frames]]>
    </failure>
  </testcase> <!-- testSliders -->
</testsuite> <!-- Internet Explorer Test -->
