<?xml version="1.0" encoding="UTF-8"?>
<!-- Generated by org.testng.reporters.JUnitXMLReporter -->
<testsuite ignored="0" hostname="kanakadurga" failures="1" tests="1" name="Chrome Test" time="24.46" errors="0" timestamp="2025-10-30T14:10:16 CDT">
  <testcase classname="advancedSelenium.SeleniumAdvanced" name="testScenario" time="9.482">
    <failure type="java.lang.AssertionError" message="The following asserts failed:
	expected [TestingWhiz Integration With LambdaTest] but found [Running Automation Tests Using TestingWhiz LambdaTest | LambdaTest],
	expected [https://community.lambdatest.com] but found [https://community.lambdatest.com/]">
      <![CDATA[java.lang.AssertionError: The following asserts failed:
expected [TestingWhiz Integration With LambdaTest] but found [Running Automation Tests Using TestingWhiz LambdaTest | LambdaTest],
expected [https://community.lambdatest.com] but found [https://community.lambdatest.com/]
at advancedSelenium.SeleniumAdvanced.testScenario(SeleniumAdvanced.java:132)
at java.base/java.util.concurrent.Executors$RunnableAdapter.call(Executors.java:572)
at java.base/java.util.concurrent.FutureTask.run(FutureTask.java:317)
at java.base/java.util.concurrent.ThreadPoolExecutor.runWorker(ThreadPoolExecutor.java:1144)
at java.base/java.util.concurrent.ThreadPoolExecutor$Worker.run(ThreadPoolExecutor.java:642)
at java.base/java.lang.Thread.run(Thread.java:1570)
... Removed 18 stack frames]]>
    </failure>
  </testcase> <!-- testScenario -->
</testsuite> <!-- Chrome Test -->
