<?xml version="1.0" encoding="UTF-8"?>
<testng-results ignored="0" total="4" passed="0" failed="4" skipped="0">
  <reporter-output>
  </reporter-output>
  <suite started-at="2025-10-16T10:50:07 CDT" name="JavaSeleniumSuite" finished-at="2025-10-16T10:51:09 CDT" duration-ms="62403">
    <groups>
    </groups>
    <test started-at="2025-10-16T10:50:07 CDT" name="Chrome Test" finished-at="2025-10-16T10:50:17 CDT" duration-ms="10326">
      <class name="com.lambda.JavaSelenium">
        <test-method is-config="true" signature="setUp(java.lang.String,java.lang.String,java.lang.String)[pri:0, instance:com.lambda.JavaSelenium@6cf0e0ba]" started-at="2025-10-16T10:50:07 CDT" name="setUp" finished-at="2025-10-16T10:50:14 CDT" duration-ms="7070" status="PASS">
          <params>
            <param index="0">
              <value>
                <![CDATA[Chrome]]>
              </value>
            </param>
            <param index="1">
              <value>
                <![CDATA[128.0]]>
              </value>
            </param>
            <param index="2">
              <value>
                <![CDATA[Windows 10]]>
              </value>
            </param>
          </params>
          <reporter-output>
          </reporter-output>
        </test-method> <!-- setUp -->
        <test-method is-config="true" signature="launchPage(java.lang.String)[pri:0, instance:com.lambda.JavaSelenium@6cf0e0ba]" started-at="2025-10-16T10:50:14 CDT" name="launchPage" finished-at="2025-10-16T10:50:15 CDT" duration-ms="1464" status="PASS">
          <params>
            <param index="0">
              <value>
                <![CDATA[https://www.lambdatest.com/selenium-playground/]]>
              </value>
            </param>
          </params>
          <reporter-output>
          </reporter-output>
        </test-method> <!-- launchPage -->
        <test-method signature="testSliders()[pri:1, instance:com.lambda.JavaSelenium@6cf0e0ba]" started-at="2025-10-16T10:50:15 CDT" name="testSliders" finished-at="2025-10-16T10:50:16 CDT" duration-ms="1390" status="FAIL">
          <exception class="java.lang.AssertionError">
            <message>
              <![CDATA[expected [95] but found [15]]]>
            </message>
            <full-stacktrace>
              <![CDATA[java.lang.AssertionError: expected [95] but found [15]
at org.testng.Assert.fail(Assert.java:99)
at org.testng.Assert.failNotEquals(Assert.java:1037)
at org.testng.Assert.assertEqualsImpl(Assert.java:140)
at org.testng.Assert.assertEquals(Assert.java:122)
at org.testng.Assert.assertEquals(Assert.java:617)
at com.lambda.JavaSelenium.testSliders(JavaSelenium.java:124)
at java.base/jdk.internal.reflect.DirectMethodHandleAccessor.invoke(DirectMethodHandleAccessor.java:103)
at java.base/java.lang.reflect.Method.invoke(Method.java:580)
at org.testng.internal.MethodInvocationHelper.invokeMethod(MethodInvocationHelper.java:133)
at org.testng.internal.TestInvoker.invokeMethod(TestInvoker.java:598)
at org.testng.internal.TestInvoker.invokeTestMethod(TestInvoker.java:173)
at org.testng.internal.MethodRunner.runInSequence(MethodRunner.java:46)
at org.testng.internal.TestInvoker$MethodInvocationAgent.invoke(TestInvoker.java:824)
at org.testng.internal.TestInvoker.invokeTestMethods(TestInvoker.java:146)
at org.testng.internal.TestMethodWorker.invokeTestMethods(TestMethodWorker.java:146)
at org.testng.internal.TestMethodWorker.run(TestMethodWorker.java:128)
at java.base/java.util.concurrent.ThreadPoolExecutor.runWorker(ThreadPoolExecutor.java:1144)
at java.base/java.util.concurrent.ThreadPoolExecutor$Worker.run(ThreadPoolExecutor.java:642)
at java.base/java.lang.Thread.run(Thread.java:1570)
]]>
            </full-stacktrace>
          </exception> <!-- java.lang.AssertionError -->
          <reporter-output>
          </reporter-output>
        </test-method> <!-- testSliders -->
        <test-method is-config="true" signature="teardown()[pri:0, instance:com.lambda.JavaSelenium@6cf0e0ba]" started-at="2025-10-16T10:50:16 CDT" name="teardown" finished-at="2025-10-16T10:50:17 CDT" duration-ms="371" status="PASS">
          <reporter-output>
          </reporter-output>
        </test-method> <!-- teardown -->
      </class> <!-- com.lambda.JavaSelenium -->
    </test> <!-- Chrome Test -->
    <test started-at="2025-10-16T10:50:17 CDT" name="Firefox Test" finished-at="2025-10-16T10:50:45 CDT" duration-ms="27746">
      <class name="com.lambda.JavaSelenium">
        <test-method is-config="true" signature="setUp(java.lang.String,java.lang.String,java.lang.String)[pri:0, instance:com.lambda.JavaSelenium@397fbdb]" started-at="2025-10-16T10:50:17 CDT" name="setUp" finished-at="2025-10-16T10:50:33 CDT" duration-ms="16010" status="PASS">
          <params>
            <param index="0">
              <value>
                <![CDATA[Firefox]]>
              </value>
            </param>
            <param index="1">
              <value>
                <![CDATA[130.0]]>
              </value>
            </param>
            <param index="2">
              <value>
                <![CDATA[Windows 11]]>
              </value>
            </param>
          </params>
          <reporter-output>
          </reporter-output>
        </test-method> <!-- setUp -->
        <test-method is-config="true" signature="launchPage(java.lang.String)[pri:0, instance:com.lambda.JavaSelenium@397fbdb]" started-at="2025-10-16T10:50:33 CDT" name="launchPage" finished-at="2025-10-16T10:50:38 CDT" duration-ms="5244" status="PASS">
          <params>
            <param index="0">
              <value>
                <![CDATA[https://www.lambdatest.com/selenium-playground/]]>
              </value>
            </param>
          </params>
          <reporter-output>
          </reporter-output>
        </test-method> <!-- launchPage -->
        <test-method signature="testSliders()[pri:1, instance:com.lambda.JavaSelenium@397fbdb]" started-at="2025-10-16T10:50:38 CDT" name="testSliders" finished-at="2025-10-16T10:50:43 CDT" duration-ms="4546" status="FAIL">
          <exception class="java.lang.AssertionError">
            <message>
              <![CDATA[expected [95] but found [15]]]>
            </message>
            <full-stacktrace>
              <![CDATA[java.lang.AssertionError: expected [95] but found [15]
at org.testng.Assert.fail(Assert.java:99)
at org.testng.Assert.failNotEquals(Assert.java:1037)
at org.testng.Assert.assertEqualsImpl(Assert.java:140)
at org.testng.Assert.assertEquals(Assert.java:122)
at org.testng.Assert.assertEquals(Assert.java:617)
at com.lambda.JavaSelenium.testSliders(JavaSelenium.java:124)
at java.base/jdk.internal.reflect.DirectMethodHandleAccessor.invoke(DirectMethodHandleAccessor.java:103)
at java.base/java.lang.reflect.Method.invoke(Method.java:580)
at org.testng.internal.MethodInvocationHelper.invokeMethod(MethodInvocationHelper.java:133)
at org.testng.internal.TestInvoker.invokeMethod(TestInvoker.java:598)
at org.testng.internal.TestInvoker.invokeTestMethod(TestInvoker.java:173)
at org.testng.internal.MethodRunner.runInSequence(MethodRunner.java:46)
at org.testng.internal.TestInvoker$MethodInvocationAgent.invoke(TestInvoker.java:824)
at org.testng.internal.TestInvoker.invokeTestMethods(TestInvoker.java:146)
at org.testng.internal.TestMethodWorker.invokeTestMethods(TestMethodWorker.java:146)
at org.testng.internal.TestMethodWorker.run(TestMethodWorker.java:128)
at java.base/java.util.concurrent.ThreadPoolExecutor.runWorker(ThreadPoolExecutor.java:1144)
at java.base/java.util.concurrent.ThreadPoolExecutor$Worker.run(ThreadPoolExecutor.java:642)
at java.base/java.lang.Thread.run(Thread.java:1570)
]]>
            </full-stacktrace>
          </exception> <!-- java.lang.AssertionError -->
          <reporter-output>
          </reporter-output>
        </test-method> <!-- testSliders -->
        <test-method is-config="true" signature="teardown()[pri:0, instance:com.lambda.JavaSelenium@397fbdb]" started-at="2025-10-16T10:50:43 CDT" name="teardown" finished-at="2025-10-16T10:50:45 CDT" duration-ms="1935" status="PASS">
          <reporter-output>
          </reporter-output>
        </test-method> <!-- teardown -->
      </class> <!-- com.lambda.JavaSelenium -->
    </test> <!-- Firefox Test -->
    <test started-at="2025-10-16T10:50:45 CDT" name="Microsoft Edge Test" finished-at="2025-10-16T10:50:56 CDT" duration-ms="11091">
      <class name="com.lambda.JavaSelenium">
        <test-method is-config="true" signature="setUp(java.lang.String,java.lang.String,java.lang.String)[pri:0, instance:com.lambda.JavaSelenium@443118b0]" started-at="2025-10-16T10:50:45 CDT" name="setUp" finished-at="2025-10-16T10:50:53 CDT" duration-ms="8215" status="PASS">
          <params>
            <param index="0">
              <value>
                <![CDATA[Microsoft Edge]]>
              </value>
            </param>
            <param index="1">
              <value>
                <![CDATA[127.0]]>
              </value>
            </param>
            <param index="2">
              <value>
                <![CDATA[macOS Ventura]]>
              </value>
            </param>
          </params>
          <reporter-output>
          </reporter-output>
        </test-method> <!-- setUp -->
        <test-method is-config="true" signature="launchPage(java.lang.String)[pri:0, instance:com.lambda.JavaSelenium@443118b0]" started-at="2025-10-16T10:50:53 CDT" name="launchPage" finished-at="2025-10-16T10:50:54 CDT" duration-ms="1388" status="PASS">
          <params>
            <param index="0">
              <value>
                <![CDATA[https://www.lambdatest.com/selenium-playground/]]>
              </value>
            </param>
          </params>
          <reporter-output>
          </reporter-output>
        </test-method> <!-- launchPage -->
        <test-method signature="testSliders()[pri:1, instance:com.lambda.JavaSelenium@443118b0]" started-at="2025-10-16T10:50:54 CDT" name="testSliders" finished-at="2025-10-16T10:50:55 CDT" duration-ms="1224" status="FAIL">
          <exception class="java.lang.AssertionError">
            <message>
              <![CDATA[expected [95] but found [15]]]>
            </message>
            <full-stacktrace>
              <![CDATA[java.lang.AssertionError: expected [95] but found [15]
at org.testng.Assert.fail(Assert.java:99)
at org.testng.Assert.failNotEquals(Assert.java:1037)
at org.testng.Assert.assertEqualsImpl(Assert.java:140)
at org.testng.Assert.assertEquals(Assert.java:122)
at org.testng.Assert.assertEquals(Assert.java:617)
at com.lambda.JavaSelenium.testSliders(JavaSelenium.java:124)
at java.base/jdk.internal.reflect.DirectMethodHandleAccessor.invoke(DirectMethodHandleAccessor.java:103)
at java.base/java.lang.reflect.Method.invoke(Method.java:580)
at org.testng.internal.MethodInvocationHelper.invokeMethod(MethodInvocationHelper.java:133)
at org.testng.internal.TestInvoker.invokeMethod(TestInvoker.java:598)
at org.testng.internal.TestInvoker.invokeTestMethod(TestInvoker.java:173)
at org.testng.internal.MethodRunner.runInSequence(MethodRunner.java:46)
at org.testng.internal.TestInvoker$MethodInvocationAgent.invoke(TestInvoker.java:824)
at org.testng.internal.TestInvoker.invokeTestMethods(TestInvoker.java:146)
at org.testng.internal.TestMethodWorker.invokeTestMethods(TestMethodWorker.java:146)
at org.testng.internal.TestMethodWorker.run(TestMethodWorker.java:128)
at java.base/java.util.concurrent.ThreadPoolExecutor.runWorker(ThreadPoolExecutor.java:1144)
at java.base/java.util.concurrent.ThreadPoolExecutor$Worker.run(ThreadPoolExecutor.java:642)
at java.base/java.lang.Thread.run(Thread.java:1570)
]]>
            </full-stacktrace>
          </exception> <!-- java.lang.AssertionError -->
          <reporter-output>
          </reporter-output>
        </test-method> <!-- testSliders -->
        <test-method is-config="true" signature="teardown()[pri:0, instance:com.lambda.JavaSelenium@443118b0]" started-at="2025-10-16T10:50:55 CDT" name="teardown" finished-at="2025-10-16T10:50:56 CDT" duration-ms="260" status="PASS">
          <reporter-output>
          </reporter-output>
        </test-method> <!-- teardown -->
      </class> <!-- com.lambda.JavaSelenium -->
    </test> <!-- Microsoft Edge Test -->
    <test started-at="2025-10-16T10:50:56 CDT" name="Internet Explorer Test" finished-at="2025-10-16T10:51:09 CDT" duration-ms="13149">
      <class name="com.lambda.JavaSelenium">
        <test-method is-config="true" signature="setUp(java.lang.String,java.lang.String,java.lang.String)[pri:0, instance:com.lambda.JavaSelenium@30c15d8b]" started-at="2025-10-16T10:50:56 CDT" name="setUp" finished-at="2025-10-16T10:51:05 CDT" duration-ms="9304" status="PASS">
          <params>
            <param index="0">
              <value>
                <![CDATA[Internet Explorer]]>
              </value>
            </param>
            <param index="1">
              <value>
                <![CDATA[11.0]]>
              </value>
            </param>
            <param index="2">
              <value>
                <![CDATA[Windows 10]]>
              </value>
            </param>
          </params>
          <reporter-output>
          </reporter-output>
        </test-method> <!-- setUp -->
        <test-method is-config="true" signature="launchPage(java.lang.String)[pri:0, instance:com.lambda.JavaSelenium@30c15d8b]" started-at="2025-10-16T10:51:05 CDT" name="launchPage" finished-at="2025-10-16T10:51:07 CDT" duration-ms="1740" status="PASS">
          <params>
            <param index="0">
              <value>
                <![CDATA[https://www.lambdatest.com/selenium-playground/]]>
              </value>
            </param>
          </params>
          <reporter-output>
          </reporter-output>
        </test-method> <!-- launchPage -->
        <test-method signature="testSliders()[pri:1, instance:com.lambda.JavaSelenium@30c15d8b]" started-at="2025-10-16T10:51:07 CDT" name="testSliders" finished-at="2025-10-16T10:51:09 CDT" duration-ms="1938" status="FAIL">
          <exception class="java.lang.AssertionError">
            <message>
              <![CDATA[expected [95] but found [15]]]>
            </message>
            <full-stacktrace>
              <![CDATA[java.lang.AssertionError: expected [95] but found [15]
at org.testng.Assert.fail(Assert.java:99)
at org.testng.Assert.failNotEquals(Assert.java:1037)
at org.testng.Assert.assertEqualsImpl(Assert.java:140)
at org.testng.Assert.assertEquals(Assert.java:122)
at org.testng.Assert.assertEquals(Assert.java:617)
at com.lambda.JavaSelenium.testSliders(JavaSelenium.java:124)
at java.base/jdk.internal.reflect.DirectMethodHandleAccessor.invoke(DirectMethodHandleAccessor.java:103)
at java.base/java.lang.reflect.Method.invoke(Method.java:580)
at org.testng.internal.MethodInvocationHelper.invokeMethod(MethodInvocationHelper.java:133)
at org.testng.internal.TestInvoker.invokeMethod(TestInvoker.java:598)
at org.testng.internal.TestInvoker.invokeTestMethod(TestInvoker.java:173)
at org.testng.internal.MethodRunner.runInSequence(MethodRunner.java:46)
at org.testng.internal.TestInvoker$MethodInvocationAgent.invoke(TestInvoker.java:824)
at org.testng.internal.TestInvoker.invokeTestMethods(TestInvoker.java:146)
at org.testng.internal.TestMethodWorker.invokeTestMethods(TestMethodWorker.java:146)
at org.testng.internal.TestMethodWorker.run(TestMethodWorker.java:128)
at java.base/java.util.concurrent.ThreadPoolExecutor.runWorker(ThreadPoolExecutor.java:1144)
at java.base/java.util.concurrent.ThreadPoolExecutor$Worker.run(ThreadPoolExecutor.java:642)
at java.base/java.lang.Thread.run(Thread.java:1570)
]]>
            </full-stacktrace>
          </exception> <!-- java.lang.AssertionError -->
          <reporter-output>
          </reporter-output>
        </test-method> <!-- testSliders -->
        <test-method is-config="true" signature="teardown()[pri:0, instance:com.lambda.JavaSelenium@30c15d8b]" started-at="2025-10-16T10:51:09 CDT" name="teardown" finished-at="2025-10-16T10:51:09 CDT" duration-ms="165" status="PASS">
          <reporter-output>
          </reporter-output>
        </test-method> <!-- teardown -->
      </class> <!-- com.lambda.JavaSelenium -->
    </test> <!-- Internet Explorer Test -->
  </suite> <!-- JavaSeleniumSuite -->
</testng-results>
