<?xml version="1.0" encoding="UTF-8"?>
<!-- Generated by org.testng.reporters.JUnitXMLReporter -->
<testsuite ignored="0" hostname="kanakadurga" failures="0" tests="3" name="Default test" time="0.037" errors="0" timestamp="2025-10-16T10:44:54 CDT">
  <testcase classname="com.lambda.JavaSelenium" name="@BeforeClass setUp" time="-1.760629494817E9">
    <failure type="org.testng.TestNGException" message="
Parameter &amp;apos;Browser Name&amp;apos; is required by BeforeClass on method setUp but has not been marked @Optional or defined
in C:\Users\pkana\AppData\Local\Temp\testng-eclipse-2131711043\testng-customsuite.xml">
      <![CDATA[org.testng.TestNGException: 
Parameter 'Browser Name' is required by BeforeClass on method setUp but has not been marked @Optional or defined
in C:\Users\pkana\AppData\Local\Temp\testng-eclipse-2131711043\testng-customsuite.xml
at org.testng.internal.Parameters.createParams(Parameters.java:270)
at org.testng.internal.Parameters.createParametersForMethod(Parameters.java:358)
at org.testng.internal.Parameters.createParameters(Parameters.java:700)
at org.testng.internal.Parameters.createConfigurationParameters(Parameters.java:168)
at org.testng.internal.ConfigInvoker.invokeConfigurations(ConfigInvoker.java:302)
at org.testng.internal.TestMethodWorker.invokeBeforeClassMethods(TestMethodWorker.java:176)
at org.testng.internal.TestMethodWorker.run(TestMethodWorker.java:122)
at java.base/java.util.ArrayList.forEach(ArrayList.java:1597)
at org.testng.TestRunner.privateRun(TestRunner.java:794)
at org.testng.TestRunner.run(TestRunner.java:596)
at org.testng.SuiteRunner.runTest(SuiteRunner.java:377)
at org.testng.SuiteRunner.runSequentially(SuiteRunner.java:371)
at org.testng.SuiteRunner.privateRun(SuiteRunner.java:332)
at org.testng.SuiteRunner.run(SuiteRunner.java:276)
at org.testng.SuiteRunnerWorker.runSuite(SuiteRunnerWorker.java:53)
at org.testng.SuiteRunnerWorker.run(SuiteRunnerWorker.java:96)
at org.testng.TestNG.runSuitesSequentially(TestNG.java:1212)
at org.testng.TestNG.runSuitesLocally(TestNG.java:1134)
at org.testng.TestNG.runSuites(TestNG.java:1063)
at org.testng.TestNG.run(TestNG.java:1031)
at org.testng.remote.AbstractRemoteTestNG.run(AbstractRemoteTestNG.java:115)
at org.testng.remote.RemoteTestNG.initAndRun(RemoteTestNG.java:293)
at org.testng.remote.RemoteTestNG.main(RemoteTestNG.java:91)
]]>
    </failure>
  </testcase> <!-- @BeforeClass setUp -->
  <testcase classname="com.lambda.JavaSelenium" name="@BeforeMethod launchPage" time="-1.76062949483E9">
    <skipped/>
  </testcase> <!-- @BeforeMethod launchPage -->
  <testcase classname="com.lambda.JavaSelenium" name="@BeforeMethod launchPage" time="-1.760629494836E9">
    <skipped/>
  </testcase> <!-- @BeforeMethod launchPage -->
  <testcase classname="com.lambda.JavaSelenium" name="@BeforeMethod launchPage" time="-1.760629494839E9">
    <skipped/>
  </testcase> <!-- @BeforeMethod launchPage -->
  <testcase classname="com.lambda.JavaSelenium" name="@AfterClass teardown" time="-1.760629494842E9">
    <skipped/>
  </testcase> <!-- @AfterClass teardown -->
  <testcase classname="com.lambda.JavaSelenium" name="testSimpleForm" time="0.0">
    <skipped/>
  </testcase> <!-- testSimpleForm -->
  <testcase classname="com.lambda.JavaSelenium" name="testSliders" time="0.0">
    <skipped/>
  </testcase> <!-- testSliders -->
  <testcase classname="com.lambda.JavaSelenium" name="submitForm" time="0.0">
    <skipped/>
  </testcase> <!-- submitForm -->
</testsuite> <!-- Default test -->
