<?xml version="1.0" encoding="UTF-8"?>
<!-- Generated by org.testng.reporters.JUnitXMLReporter -->
<testsuite ignored="0" hostname="kanakadurga" failures="0" tests="4" name="Surefire test" time="0.063" errors="0" timestamp="2025-10-15T10:42:45 CDT">
  <testcase classname="com.lambdatest.LambdaTestNGTest" name="@BeforeMethod launchWebPage" time="-1.760542965213E9">
    <failure type="org.testng.TestNGException" message="
Parameter &amp;apos;Browser Name&amp;apos; is required by BeforeMethod on method launchWebPage but has not been marked @Optional or defined
">
      <![CDATA[org.testng.TestNGException: 
Parameter 'Browser Name' is required by BeforeMethod on method launchWebPage but has not been marked @Optional or defined

at java.base/java.util.ArrayList.forEach(ArrayList.java:1597)
... Removed 33 stack frames]]>
    </failure>
  </testcase> <!-- @BeforeMethod launchWebPage -->
  <testcase classname="LambdaTestNGTest" name="@BeforeMethod launchWebPage" time="-1.760542965238E9">
    <failure type="org.testng.TestNGException" message="
Parameter &amp;apos;Browser Name&amp;apos; is required by BeforeMethod on method launchWebPage but has not been marked @Optional or defined
">
      <![CDATA[org.testng.TestNGException: 
Parameter 'Browser Name' is required by BeforeMethod on method launchWebPage but has not been marked @Optional or defined

at java.base/java.util.ArrayList.forEach(ArrayList.java:1597)
... Removed 33 stack frames]]>
    </failure>
  </testcase> <!-- @BeforeMethod launchWebPage -->
  <testcase classname="LambdaTestNGTest" name="@BeforeMethod launchWebPage" time="0.0">
    <skipped/>
  </testcase> <!-- @BeforeMethod launchWebPage -->
  <testcase classname="LambdaTestNGTest" name="@BeforeMethod launchWebPage" time="0.0">
    <skipped/>
  </testcase> <!-- @BeforeMethod launchWebPage -->
  <testcase classname="com.lambdatest.LambdaTestNGTest" name="verifyPageTitle" time="0.0">
    <skipped/>
  </testcase> <!-- verifyPageTitle -->
  <testcase classname="LambdaTestNGTest" name="validateAlert" time="0.001">
    <skipped/>
  </testcase> <!-- validateAlert -->
  <testcase classname="LambdaTestNGTest" name="validateCheckbox" time="0.0">
    <skipped/>
  </testcase> <!-- validateCheckbox -->
  <testcase classname="LambdaTestNGTest" name="verifyPageTitle" time="0.0">
    <skipped/>
  </testcase> <!-- verifyPageTitle -->
</testsuite> <!-- Surefire test -->
