<!DOCTYPE html PUBLIC "-//W3C//DTD XHTML 1.1//EN" "https://www.w3.org/TR/xhtml11/DTD/xhtml11.dtd">
<html xmlns="https://www.w3.org/1999/xhtml">
<head>
<meta http-equiv="content-type" content="text/html; charset=UTF-8"/>
<title>TestNG Report</title>
<style type="text/css">table {margin-bottom:10px;border-collapse:collapse;empty-cells:show}th,td {border:1px solid #009;padding:.25em .5em}th {vertical-align:bottom}td {vertical-align:top}table a {font-weight:bold}.stripe td {background-color: #E6EBF9}.num {text-align:right}.passedodd td {background-color: #3F3}.passedeven td {background-color: #0A0}.skippedodd td {background-color: #DDD}.skippedeven td {background-color: #CCC}.failedodd td,.attn {background-color: #F33}.failedeven td,.stripe .attn {background-color: #D00}.stacktrace {white-space:pre;font-family:monospace}.totop {font-size:85%;text-align:center;border-bottom:2px solid #000}.invisible {display:none}</style>
</head>
<body>
<table>
<tr><th>Test</th><th># Passed</th><th># Skipped</th><th># Retried</th><th># Failed</th><th>Time (ms)</th><th>Included Groups</th><th>Excluded Groups</th></tr>
<tr><th colspan="8">Suite</th></tr>
<tr><td><a href="#t0">Chrome Test</a></td><td class="num">0</td><td class="num">0</td><td class="num">0</td><td class="num attn">1</td><td class="num">17,593</td><td></td><td></td></tr>
<tr class="stripe"><td><a href="#t1">Microsoft Edge Test</a></td><td class="num">0</td><td class="num">0</td><td class="num">0</td><td class="num attn">1</td><td class="num">17,967</td><td></td><td></td></tr>
<tr><th>Total</th><th class="num">0</th><th class="num">0</th><th class="num">0</th><th class="num attn">2</th><th class="num">35,560</th><th colspan="2"></th></tr>
</table>
<table id='summary'><thead><tr><th>Class</th><th>Method</th><th>Start</th><th>Time (ms)</th></tr></thead><tbody><tr><th colspan="4">Suite</th></tr></tbody><tbody id="t0"><tr><th colspan="4">Chrome Test &#8212; failed</th></tr><tr class="failedeven"><td rowspan="1">advancedSelenium.SeleniumAdvanced</td><td><a href="#m0">testScenario</a></td><td rowspan="1">1761852071926</td><td rowspan="1">8538</td></tr></tbody>
<tbody id="t1"><tr><th colspan="4">Microsoft Edge Test &#8212; failed</th></tr><tr class="failedeven"><td rowspan="1">advancedSelenium.SeleniumAdvanced</td><td><a href="#m1">testScenario</a></td><td rowspan="1">1761852091619</td><td rowspan="1">6855</td></tr></tbody>
</table>
<h2>Chrome Test</h2><h3 id="m0">advancedSelenium.SeleniumAdvanced#testScenario</h3><table class="result"><tr><th>Messages</th></tr><tr><td><div class="messages">opened windows:[38B2D1F490EF63D80F20EDCD4D3F4FA9, ADED43DD55F4548F0FA1AA66D0AB5C1B]<br/>Current Window Count:1</div></td></tr><tr><th>Exception</th></tr><tr><td><div class="stacktrace">java.lang.AssertionError: The following asserts failed:
	expected [TestingWhiz Integration With LambdaTest] but found [Running Automation Tests Using TestingWhiz LambdaTest | LambdaTest],
	expected [https://community.lambdatest.com] but found [https://community.lambdatest.com/]
	at advancedSelenium.SeleniumAdvanced.testScenario(SeleniumAdvanced.java:129)
	at java.base/java.util.concurrent.Executors$RunnableAdapter.call(Executors.java:572)
	at java.base/java.util.concurrent.FutureTask.run(FutureTask.java:317)
	at java.base/java.util.concurrent.ThreadPoolExecutor.runWorker(ThreadPoolExecutor.java:1144)
	at java.base/java.util.concurrent.ThreadPoolExecutor$Worker.run(ThreadPoolExecutor.java:642)
	at java.base/java.lang.Thread.run(Thread.java:1570)
... Removed 18 stack frames</div></td></tr></table><p class="totop"><a href="#summary">back to summary</a></p>
<h2>Microsoft Edge Test</h2><h3 id="m1">advancedSelenium.SeleniumAdvanced#testScenario</h3><table class="result"><tr><th>Messages</th></tr><tr><td><div class="messages">opened windows:[5EE5A33790025CE4EE3EEBD63C9E3359, 166E35B9A4AA693FC5414E3DC423D317]<br/>Current Window Count:1</div></td></tr><tr><th>Exception</th></tr><tr><td><div class="stacktrace">java.lang.AssertionError: The following asserts failed:
	expected [TestingWhiz Integration With LambdaTest] but found [Running Automation Tests Using TestingWhiz LambdaTest | LambdaTest],
	expected [https://community.lambdatest.com] but found [https://community.lambdatest.com/]
	at advancedSelenium.SeleniumAdvanced.testScenario(SeleniumAdvanced.java:129)
	at java.base/java.util.concurrent.Executors$RunnableAdapter.call(Executors.java:572)
	at java.base/java.util.concurrent.FutureTask.run(FutureTask.java:317)
	at java.base/java.util.concurrent.ThreadPoolExecutor.runWorker(ThreadPoolExecutor.java:1144)
	at java.base/java.util.concurrent.ThreadPoolExecutor$Worker.run(ThreadPoolExecutor.java:642)
	at java.base/java.lang.Thread.run(Thread.java:1570)
... Removed 18 stack frames</div></td></tr></table><p class="totop"><a href="#summary">back to summary</a></p>
</body>
</html>
